<?xml version="1.0" encoding="utf-8"?><testsuites name="pytest tests"><testsuite name="pytest" errors="0" failures="0" skipped="0" tests="11" time="21.316" timestamp="2026-07-09T18:16:52.013882+00:00" hostname="agent-env-c467a34e-a7a0-41f7-b9a6-5ce174f80c5a"><testcase classname="backend.tests.backend_test.TestHealth" name="test_root" time="0.192" /><testcase classname="backend.tests.backend_test.TestCopilot" name="test_suggested_prompts" time="0.071" /><testcase classname="backend.tests.backend_test.TestCopilot" name="test_chat_unknown_returns_404" time="0.072" /><testcase classname="backend.tests.backend_test.TestCopilot" name="test_chat_history_unknown_returns_empty" time="0.107" /><testcase classname="backend.tests.backend_test.TestBlueprintJobs" name="test_create_job_and_error_surfaces" time="16.478" /><testcase classname="backend.tests.backend_test.TestBlueprintJobs" name="test_get_unknown_blueprint_404" time="0.050" /><testcase classname="backend.tests.backend_test.TestBlueprintJobs" name="test_list_blueprints" time="0.048" /><testcase classname="backend.tests.backend_test.TestDemoAndRefine" name="test_create_demo_blueprint" time="0.050" /><testcase classname="backend.tests.backend_test.TestDemoAndRefine" name="test_fetch_demo_blueprint" time="0.051" /><testcase classname="backend.tests.backend_test.TestDemoAndRefine" name="test_refine_unknown_section_400" time="0.049" /><testcase classname="backend.tests.backend_test.TestDemoAndRefine" name="test_refine_valid_section_502_when_no_watsonx" time="4.056" /></testsuite></testsuites>